<?xml version="1.0" encoding="UTF-8"?>
<!-- Generated by org.testng.reporters.JUnitXMLReporter -->
<testsuite ignored="6" hostname="LTIN275806" failures="0" tests="8" name="Test" time="85.325" errors="0" timestamp="2024-03-01T12:50:54 IST">
  <testcase classname="TestCases.HomePageTest" name="loadWebsite" time="5.99"/>
  <testcase classname="TestCases.HomePageTest" name="clickTravel" time="0.792"/>
  <testcase classname="TestCases.TravelDetailsPageTest" name="selectCountry" time="19.835"/>
  <testcase classname="TestCases.TravelDetailsPageTest" name="studentPlans" time="18.889"/>
  <testcase classname="TestCases.TravelDetailsPageTest" name="printTop3Plans" time="1.606"/>
  <testcase classname="TestCases.UCarDetailsPageTest" name="clickCar" time="2.975"/>
  <testcase classname="TestCases.UCarDetailsPageTest" name="clickBuyingCar" time="10.784"/>
  <testcase classname="TestCases.VHealthInsurancePageTest" name="PrintHeathInsuranceMenu" time="6.429"/>
  <testcase classname="TestBase.BaseClass" name="@BeforeTest setup" time="0.0">
    <ignored/>
  </testcase> <!-- @BeforeTest setup -->
  <testcase classname="TestBase.BaseClass" name="@AfterTest teardown" time="0.0">
    <ignored/>
  </testcase> <!-- @AfterTest teardown -->
  <testcase classname="TestBase.BaseClass" name="@BeforeTest setup" time="0.0">
    <ignored/>
  </testcase> <!-- @BeforeTest setup -->
  <testcase classname="TestBase.BaseClass" name="@AfterTest teardown" time="0.0">
    <ignored/>
  </testcase> <!-- @AfterTest teardown -->
  <testcase classname="TestBase.BaseClass" name="@BeforeTest setup" time="0.0">
    <ignored/>
  </testcase> <!-- @BeforeTest setup -->
  <testcase classname="TestBase.BaseClass" name="@AfterTest teardown" time="0.0">
    <ignored/>
  </testcase> <!-- @AfterTest teardown -->
</testsuite> <!-- Test -->
