<?xml version="1.0" encoding="UTF-8"?>
<!-- Generated by org.testng.reporters.JUnitXMLReporter -->
<testsuite ignored="6" hostname="LTIN275806" failures="0" tests="8" name="Test" time="80.987" errors="0" timestamp="2024-03-04T22:31:45 IST">
  <testcase classname="TestCases.HomePageTest" name="loadWebsite" time="4.461"/>
  <testcase classname="TestCases.HomePageTest" name="clickTravel" time="0.605"/>
  <testcase classname="TestCases.TravelDetailsPageTest" name="selectCountry" time="19.236"/>
  <testcase classname="TestCases.TravelDetailsPageTest" name="studentPlans" time="17.443"/>
  <testcase classname="TestCases.TravelDetailsPageTest" name="printTop3Plans" time="1.248"/>
  <testcase classname="TestCases.UCarDetailsPageTest" name="clickCar" time="2.236"/>
  <testcase classname="TestCases.UCarDetailsPageTest" name="clickBuyingCar" time="10.302"/>
  <testcase classname="TestCases.VHealthInsurancePageTest" name="PrintHeathInsuranceMenu" time="5.049"/>
  <testcase classname="TestBase.BaseClass" name="@BeforeTest setup" time="0.0">
    <ignored/>
  </testcase> <!-- @BeforeTest setup -->
  <testcase classname="TestBase.BaseClass" name="@AfterTest teardown" time="0.0">
    <ignored/>
  </testcase> <!-- @AfterTest teardown -->
  <testcase classname="TestBase.BaseClass" name="@BeforeTest setup" time="0.0">
    <ignored/>
  </testcase> <!-- @BeforeTest setup -->
  <testcase classname="TestBase.BaseClass" name="@AfterTest teardown" time="0.0">
    <ignored/>
  </testcase> <!-- @AfterTest teardown -->
  <testcase classname="TestBase.BaseClass" name="@AfterTest teardown" time="0.0">
    <ignored/>
  </testcase> <!-- @AfterTest teardown -->
  <testcase classname="TestBase.BaseClass" name="@BeforeTest setup" time="0.0">
    <ignored/>
  </testcase> <!-- @BeforeTest setup -->
</testsuite> <!-- Test -->
