<?xml version="1.0" encoding="UTF-8"?>
<testng-results ignored="0" total="8" passed="8" failed="0" skipped="0">
  <reporter-output>
  </reporter-output>
  <suite started-at="2024-03-04T22:30:21 IST" name="Suite" finished-at="2024-03-04T22:31:42 IST" duration-ms="80987">
    <groups>
    </groups>
    <test started-at="2024-03-04T22:30:21 IST" name="Test" finished-at="2024-03-04T22:31:42 IST" duration-ms="80987">
      <class name="TestCases.TravelDetailsPageTest">
        <test-method signature="selectCountry()[pri:1, instance:TestCases.TravelDetailsPageTest@2a65fe7c]" started-at="2024-03-04T22:30:44 IST" name="selectCountry" finished-at="2024-03-04T22:31:03 IST" duration-ms="19236" status="PASS">
          <reporter-output>
          </reporter-output>
        </test-method> <!-- selectCountry -->
        <test-method signature="studentPlans()[pri:2, instance:TestCases.TravelDetailsPageTest@2a65fe7c]" started-at="2024-03-04T22:31:03 IST" name="studentPlans" finished-at="2024-03-04T22:31:21 IST" duration-ms="17443" status="PASS">
          <reporter-output>
          </reporter-output>
        </test-method> <!-- studentPlans -->
        <test-method signature="printTop3Plans()[pri:3, instance:TestCases.TravelDetailsPageTest@2a65fe7c]" started-at="2024-03-04T22:31:21 IST" name="printTop3Plans" finished-at="2024-03-04T22:31:22 IST" duration-ms="1248" status="PASS">
          <reporter-output>
          </reporter-output>
        </test-method> <!-- printTop3Plans -->
      </class> <!-- TestCases.TravelDetailsPageTest -->
      <class name="TestCases.HomePageTest">
        <test-method is-config="true" signature="setup(java.lang.String,java.lang.String)[pri:0, instance:TestCases.HomePageTest@35d019a3]" started-at="2024-03-04T22:30:22 IST" name="setup" finished-at="2024-03-04T22:30:38 IST" duration-ms="16090" status="PASS">
          <params>
            <param index="0">
              <value>
                <![CDATA[chrome]]>
              </value>
            </param>
            <param index="1">
              <value>
                <![CDATA[Win11]]>
              </value>
            </param>
          </params>
          <reporter-output>
          </reporter-output>
        </test-method> <!-- setup -->
        <test-method signature="loadWebsite()[pri:1, instance:TestCases.HomePageTest@35d019a3]" started-at="2024-03-04T22:30:38 IST" name="loadWebsite" finished-at="2024-03-04T22:30:43 IST" duration-ms="4461" status="PASS">
          <reporter-output>
          </reporter-output>
        </test-method> <!-- loadWebsite -->
        <test-method signature="clickTravel()[pri:2, instance:TestCases.HomePageTest@35d019a3]" started-at="2024-03-04T22:30:43 IST" name="clickTravel" finished-at="2024-03-04T22:30:44 IST" duration-ms="605" status="PASS">
          <reporter-output>
          </reporter-output>
        </test-method> <!-- clickTravel -->
        <test-method is-config="true" signature="teardown()[pri:0, instance:TestCases.HomePageTest@35d019a3]" started-at="2024-03-04T22:31:41 IST" name="teardown" finished-at="2024-03-04T22:31:42 IST" duration-ms="1446" status="PASS">
          <reporter-output>
          </reporter-output>
        </test-method> <!-- teardown -->
      </class> <!-- TestCases.HomePageTest -->
      <class name="TestCases.VHealthInsurancePageTest">
        <test-method signature="PrintHeathInsuranceMenu()[pri:1, instance:TestCases.VHealthInsurancePageTest@6302bbb1]" started-at="2024-03-04T22:31:36 IST" name="PrintHeathInsuranceMenu" finished-at="2024-03-04T22:31:41 IST" duration-ms="5049" status="PASS">
          <reporter-output>
          </reporter-output>
        </test-method> <!-- PrintHeathInsuranceMenu -->
      </class> <!-- TestCases.VHealthInsurancePageTest -->
      <class name="TestCases.UCarDetailsPageTest">
        <test-method signature="clickCar()[pri:1, instance:TestCases.UCarDetailsPageTest@4135c3b]" started-at="2024-03-04T22:31:23 IST" name="clickCar" finished-at="2024-03-04T22:31:25 IST" duration-ms="2236" status="PASS">
          <reporter-output>
          </reporter-output>
        </test-method> <!-- clickCar -->
        <test-method signature="clickBuyingCar()[pri:2, instance:TestCases.UCarDetailsPageTest@4135c3b]" started-at="2024-03-04T22:31:25 IST" name="clickBuyingCar" finished-at="2024-03-04T22:31:35 IST" duration-ms="10302" status="PASS">
          <reporter-output>
          </reporter-output>
        </test-method> <!-- clickBuyingCar -->
      </class> <!-- TestCases.UCarDetailsPageTest -->
    </test> <!-- Test -->
  </suite> <!-- Suite -->
</testng-results>
